<?xml version="1.0" encoding="UTF-8"?>
<!-- Generated by org.testng.reporters.JUnitReportReporter -->
<testsuite hostname="MacBook-Pro-de-Juan.local" failures="0" tests="1" name="com.bettervet.appointment.NegativeLoginTest" time="15.495" errors="0" timestamp="25 jun. 2022 06:27:23 GMT" skipped="0">
  <testcase classname="com.bettervet.appointment.NegativeLoginTest" name="negativeLogin" time="15.495"/>
</testsuite> <!-- com.bettervet.appointment.NegativeLoginTest -->
