<?xml version="1.0" encoding="UTF-8"?>
<!-- Generated by org.testng.reporters.JUnitReportReporter -->
<testsuite hostname="MacBook-Pro-de-Juan.local" failures="0" tests="1" name="com.bettervet.appointment.PositiveLoginTest" time="17.387" errors="0" timestamp="25 jun. 2022 06:27:23 GMT" skipped="0">
  <testcase classname="com.bettervet.appointment.PositiveLoginTest" name="positiveLogin" time="17.387"/>
</testsuite> <!-- com.bettervet.appointment.PositiveLoginTest -->
