<?xml version="1.0" encoding="UTF-8"?>
<!-- Generated by org.testng.reporters.JUnitReportReporter -->
<testsuite hostname="MacBook-Pro-de-Juan.local" failures="0" tests="2" name="com.bettervet.appointment.LoginScreenTests" time="39.527" errors="0" timestamp="25 jun. 2022 15:01:22 GMT" skipped="0">
  <testcase classname="com.bettervet.appointment.LoginScreenTests" name="negativeLogin" time="20.181"/>
  <testcase classname="com.bettervet.appointment.LoginScreenTests" name="positiveLogin" time="19.346"/>
</testsuite> <!-- com.bettervet.appointment.LoginScreenTests -->
