<?xml version="1.0" encoding="UTF-8"?>
<!-- Generated by org.testng.reporters.JUnitReportReporter -->
<testsuite hostname="MacBook-Pro-de-Juan.local" failures="0" tests="2" name="com.bettervet.appointment.loginScreen.LoginScreenTests" time="45.749" errors="0" timestamp="26 jun. 2022 17:42:34 GMT" skipped="0">
  <testcase classname="com.bettervet.appointment.loginScreen.LoginScreenTests" name="positiveLogin" time="17.875"/>
  <testcase classname="com.bettervet.appointment.loginScreen.LoginScreenTests" name="negativeLogin" time="27.874"/>
</testsuite> <!-- com.bettervet.appointment.loginScreen.LoginScreenTests -->
